CONSOLE: This log comes from assets/app.js - welcome to AssetMapper! 🎉
CONSOLE: application #starting
CONSOLE: details: {application: X}
CONSOLE: console.groupEnd
CONSOLE: pentiminax--ux-datatables--datatable #initialize
CONSOLE: details: {application: X, identifier: pentiminax--ux-datatables--datatable, controller: t, element: table#App\DataTable\HospitalizedDataTable}
CONSOLE: console.groupEnd
CONSOLE: pentiminax--ux-datatables--datatable #connect
CONSOLE: details: {application: X, identifier: pentiminax--ux-datatables--datatable, controller: t, element: table#App\DataTable\HospitalizedDataTable}
CONSOLE: console.groupEnd
CONSOLE: application #start
CONSOLE: details: {application: X}
CONSOLE: console.groupEnd
CONSOLE: jQuery
Could not find table.dataTable
Traceback (most recent call last):
  File "/home/jules/verification/verify_hospitalized.py", line 31, in <module>
    verify_hospitalized_datatable(page)
  File "/home/jules/verification/verify_hospitalized.py", line 17, in verify_hospitalized_datatable
    expect(page.locator("table.dataTable")).to_be_visible()
  File "/home/jules/.pyenv/versions/3.12.12/lib/python3.12/site-packages/playwright/sync_api/_generated.py", line 20424, in to_be_visible
    self._sync(self._impl_obj.to_be_visible(visible=visible, timeout=timeout))
  File "/home/jules/.pyenv/versions/3.12.12/lib/python3.12/site-packages/playwright/_impl/_sync_base.py", line 115, in _sync
    return task.result()
           ^^^^^^^^^^^^^
  File "/home/jules/.pyenv/versions/3.12.12/lib/python3.12/site-packages/playwright/_impl/_assertions.py", line 763, in to_be_visible
    await self._expect_impl(
  File "/home/jules/.pyenv/versions/3.12.12/lib/python3.12/site-packages/playwright/_impl/_assertions.py", line 83, in _expect_impl
    raise AssertionError(
AssertionError: Locator expected to be visible
Actual value: <element(s) not found>
Call log:
  - Expect "to_be_visible" with timeout 5000ms
  - waiting for locator("table.dataTable")
